1728896901711	geckodriver	INFO	Listening on 127.0.0.1:56342
1728896904760	mozrunner::runner	INFO	Running command: "C:\\Program Files\\Mozilla Firefox\\firefox.exe" "--marionette" "--remote-debugging-port" "56343" "--remote-allow-hosts" "localhost" "-no-remote" "-profile" "C:\\Users\\cmhiep\\AppData\\Local\\Temp\\rust_mozprofileiXnB6w"
console.warn: services.settings: Ignoring preference override of remote settings server
console.warn: services.settings: Allow by setting MOZ_REMOTE_SETTINGS_DEVTOOLS=1 in the environment
Dynamically enable window occlusion 0
1728896906039	Marionette	INFO	Marionette enabled
1728896907209	Marionette	INFO	Listening on port 56357
WebDriver BiDi listening on ws://127.0.0.1:56343
Read port: 56357
1728896908089	RemoteAgent	WARN	TLS certificate errors will be ignored for this session
DevTools listening on ws://127.0.0.1:56343/devtools/browser/801f9702-de47-499a-897e-a5a5e01fe523
console.error: (new TypeError("this._searchProviderInfo is null", "resource:///modules/SearchSERPTelemetry.sys.mjs", 915))
JavaScript error: https://cdn.jsdelivr.net/npm/@docsearch/js@3.6.0, line 8: TypeError: t is null
console.error: (new TypeError("linkMap is undefined", "resource://gre/modules/NewTabUtils.sys.mjs", 2003))
1728896926749	Marionette	INFO	Stopped listening on port 56357
Dynamically enable window occlusion 1
WARNING: A blocker encountered an error while we were waiting.
          Blocker:  CrashMonitor: Writing notifications to file after receiving profile-before-change and awaiting all checkpoints written
          Phase: IOUtils: waiting for profileBeforeChange IO to complete
          State: {"profile-after-change":true,"final-ui-startup":true,"sessionstore-windows-restored":true,"quit-application-granted":true,"quit-application":true,"profile-change-net-teardown":true,"sessionstore-final-state-write-complete":true,"profile-change-teardown":true,"profile-before-change":true}
WARNING: NotAllowedError: Could not write to `C:\Users\cmhiep\AppData\Local\Temp\rust_mozprofileiXnB6w\sessionCheckpoints.json': could not move overwite with temporary file: Could not move `C:\Users\cmhiep\AppData\Local\Temp\rust_mozprofileiXnB6w\sessionCheckpoints.json.tmp' to `C:\Users\cmhiep\AppData\Local\Temp\rust_mozprofileiXnB6w\sessionCheckpoints.json' (NS_ERROR_FILE_ACCESS_DENIED)
WARNING: observe@resource://gre/modules/AsyncShutdown.sys.mjs:569:17

JavaScript error: resource://gre/modules/AsyncShutdown.sys.mjs, line 569: NotAllowedError: Could not write to `C:\Users\cmhiep\AppData\Local\Temp\rust_mozprofileiXnB6w\sessionCheckpoints.json': could not move overwite with temporary file: Could not move `C:\Users\cmhiep\AppData\Local\Temp\rust_mozprofileiXnB6w\sessionCheckpoints.json.tmp' to `C:\Users\cmhiep\AppData\Local\Temp\rust_mozprofileiXnB6w\sessionCheckpoints.json' (NS_ERROR_FILE_ACCESS_DENIED)
